2026-06-11 10:26:51,438 | INFO     | Loading intent classifier...
2026-06-11 10:26:52,513 | INFO     | Loading retrieval model...
2026-06-11 10:26:54,931 | INFO     | All models loaded.
2026-06-11 10:26:54,993 | DEBUG    | Query='How to join a club?' Intent=ask_club Conf=0.99
2026-06-11 10:26:55,222 | DEBUG    | Matched='Student Union' Score=0.39
2026-06-11 11:04:48,376 | INFO     | Loading intent classifier...
2026-06-11 11:04:49,229 | INFO     | Loading retrieval model...
2026-06-11 11:04:51,402 | INFO     | All models loaded.
2026-06-11 11:04:51,431 | DEBUG    | Query='where is the library' Intent=find_location Conf=0.99
2026-06-11 11:04:51,646 | DEBUG    | Matched='Central Library' Score=0.49
2026-06-11 11:04:52,362 | DEBUG    | Query='is the cafeteria open on Sundays' Intent=ask_hours Conf=0.99
2026-06-11 11:04:52,419 | DEBUG    | Matched='Main Cafeteria' Score=0.50
2026-06-11 11:04:52,648 | DEBUG    | Query='price of coffee' Intent=menu_query Conf=0.99
2026-06-11 11:04:52,712 | DEBUG    | Matched='Coffee Kiosk' Score=0.46
2026-06-11 11:04:57,523 | DEBUG    | Keyword route='medical' -> Medical Room
2026-06-11 11:04:57,523 | DEBUG    | Query='i feel sick and need help' Intent=emergency Conf=0.99
2026-06-11 11:04:57,585 | DEBUG    | Matched='Medical Room' Score=0.95
2026-06-11 11:04:57,933 | DEBUG    | Keyword route='scholarship' -> Accounts Office
2026-06-11 11:04:57,933 | DEBUG    | Query='how to apply for scholarship' Intent=ask_scholarship Conf=0.99
2026-06-11 11:04:57,979 | DEBUG    | Matched='Accounts Office' Score=0.95
2026-06-11 11:08:53,964 | INFO     | Loading Whisper ASR model (base)...
2026-06-11 11:08:54,481 | INFO     | Whisper loaded.
2026-06-11 11:08:55,938 | INFO     | Whisper transcript: ''
2026-06-11 11:09:22,986 | INFO     | Whisper transcript: 'Where is the cafeteria?'
2026-06-11 11:09:22,986 | INFO     | Loading intent classifier...
2026-06-11 11:09:24,060 | INFO     | Loading retrieval model...
2026-06-11 11:09:26,656 | INFO     | All models loaded.
2026-06-11 11:09:26,698 | DEBUG    | Query='Where is the cafeteria?' Intent=find_location Conf=0.99
2026-06-11 11:09:26,871 | DEBUG    | Matched='Outdoor Canteen Terrace' Score=0.56
2026-06-11 11:14:47,245 | INFO     | Loading Whisper ASR model (base)...
2026-06-11 11:14:47,726 | INFO     | Whisper loaded.
2026-06-11 11:14:48,781 | INFO     | Whisper transcript: 'What is the timing of the library?'
2026-06-11 11:14:48,781 | INFO     | Loading intent classifier...
2026-06-11 11:14:49,780 | INFO     | Loading retrieval model...
2026-06-11 11:14:51,552 | INFO     | All models loaded.
2026-06-11 11:14:51,574 | DEBUG    | Query='What is the timing of the library?' Intent=ask_hours Conf=0.98
2026-06-11 11:14:51,729 | DEBUG    | Matched='Library Book Issue Counter' Score=0.35
2026-06-11 11:36:06,101 | INFO     | Loading intent classifier...
2026-06-11 11:36:06,998 | INFO     | Loading retrieval model...
2026-06-11 11:36:08,772 | INFO     | All models loaded.
2026-06-11 11:36:08,799 | DEBUG    | Query='i am not feeling well today' Intent=emergency Conf=0.90
2026-06-11 11:36:08,960 | DEBUG    | Matched='Lost and Found Desk' Score=0.28
2026-06-11 11:42:50,510 | INFO     | Loading Whisper ASR model (base)...
2026-06-11 11:42:50,994 | INFO     | Whisper loaded.
2026-06-11 11:42:52,166 | INFO     | Whisper transcript: 'Where is the prayer room?'
2026-06-11 11:42:52,167 | INFO     | Loading intent classifier...
2026-06-11 11:42:53,117 | INFO     | Loading retrieval model...
2026-06-11 11:42:54,737 | INFO     | All models loaded.
2026-06-11 11:42:54,759 | DEBUG    | Query='Where is the prayer room?' Intent=find_location Conf=0.97
2026-06-11 11:42:54,881 | DEBUG    | Matched='Multi-Faith Prayer Room' Score=0.71
2026-06-11 21:17:14,827 | INFO     | Loading intent classifier...
2026-06-11 21:17:15,621 | INFO     | Loading retrieval model...
2026-06-11 21:17:20,199 | INFO     | All models loaded.
2026-06-11 21:17:20,276 | DEBUG    | Query='where is the student union' Intent=find_location Conf=0.76
2026-06-11 21:17:20,513 | DEBUG    | Matched='Student Union' Score=0.64
2026-06-11 21:17:21,553 | DEBUG    | Query='is the cafeteria open on sunday' Intent=ask_hours Conf=0.99
2026-06-11 21:17:21,604 | DEBUG    | Matched='Main Cafeteria' Score=0.50
2026-06-11 22:44:47,066 | INFO     | Loading intent classifier...
2026-06-11 22:44:47,778 | INFO     | Loading retrieval model...
2026-06-11 22:44:49,803 | INFO     | All models loaded.
2026-06-11 22:44:49,890 | DEBUG    | Keyword route='civil faculty room' -> CE Faculty Room
2026-06-11 22:44:49,890 | DEBUG    | Query='where is the civil faculty room' Intent=faculty_query Conf=0.91
2026-06-11 22:44:50,158 | DEBUG    | Matched='CE Faculty Room' Score=0.95
2026-06-11 22:44:51,046 | DEBUG    | Query='what courses are offered' Intent=ask_admission Conf=0.46
2026-06-11 22:44:51,111 | DEBUG    | Matched='CE Classroom 402' Score=0.15
2026-06-11 22:44:51,430 | DEBUG    | Query='where is the library' Intent=find_location Conf=0.99
2026-06-11 22:44:51,452 | DEBUG    | Matched='Central Library' Score=0.49
2026-06-11 22:45:14,695 | INFO     | Loading intent classifier...
2026-06-11 22:45:15,854 | INFO     | Loading retrieval model...
2026-06-11 22:45:17,653 | INFO     | All models loaded.
2026-06-11 22:45:17,697 | DEBUG    | Keyword route='mechanical faculty room' -> ME Faculty Room
2026-06-11 22:45:17,697 | DEBUG    | Query='where is the mechanical faculty room' Intent=faculty_query Conf=0.98
2026-06-11 22:45:17,890 | DEBUG    | Matched='ME Faculty Room' Score=0.95
2026-06-11 22:46:00,944 | INFO     | Loading Whisper ASR model (base)...
2026-06-11 22:46:01,780 | INFO     | Whisper loaded.
2026-06-11 22:46:03,653 | INFO     | Whisper transcript: 'Where is the cafeteria?'
2026-06-11 22:46:03,705 | DEBUG    | Query='Where is the cafeteria?' Intent=find_location Conf=0.99
2026-06-11 22:46:03,969 | DEBUG    | Matched='Outdoor Canteen Terrace' Score=0.56
2026-06-11 23:48:20,071 | INFO     | Loading intent classifier...
2026-06-11 23:48:21,211 | INFO     | Loading retrieval model...
2026-06-11 23:48:23,523 | INFO     | All models loaded.
2026-06-11 23:48:23,621 | DEBUG    | Query='how to reach from civil department to mechanical department' Intent=find_location Conf=0.99
2026-06-11 23:48:23,932 | DEBUG    | Matched='Research and Development Cell' Score=0.17
2026-06-11 23:49:53,655 | INFO     | Loading intent classifier...
2026-06-11 23:49:54,612 | INFO     | Loading retrieval model...
2026-06-11 23:49:56,323 | INFO     | All models loaded.
2026-06-11 23:50:28,275 | INFO     | Loading intent classifier...
2026-06-11 23:50:29,247 | INFO     | Loading retrieval model...
2026-06-11 23:50:30,928 | INFO     | All models loaded.
2026-06-11 23:50:30,991 | DEBUG    | Query='how to reach from civil department to mechanical department' Intent=find_location Conf=0.99
2026-06-11 23:50:31,696 | DEBUG    | Matched='Research and Development Cell' Score=0.17
2026-06-11 23:50:31,782 | DEBUG    | Query='directions from civil to mechanical' Intent=find_location Conf=0.99
2026-06-11 23:50:31,804 | DEBUG    | Matched='Mechanical Engineering Department' Score=0.45
2026-06-11 23:50:32,595 | DEBUG    | Keyword route='mechanical faculty room' -> ME Faculty Room
2026-06-11 23:50:32,595 | DEBUG    | Query='where is mechanical faculty room' Intent=faculty_query Conf=0.98
2026-06-11 23:50:32,661 | DEBUG    | Matched='ME Faculty Room' Score=0.95
2026-06-11 23:51:36,973 | INFO     | Loading intent classifier...
2026-06-11 23:51:37,778 | INFO     | Loading retrieval model...
2026-06-11 23:51:39,630 | INFO     | All models loaded.
2026-06-11 23:51:39,788 | DEBUG    | Query='how to reach from civil department to mechanical department' Intent=find_location Conf=0.99
2026-06-11 23:51:40,007 | DEBUG    | Matched='Research and Development Cell' Score=0.17
2026-06-11 23:51:40,149 | DEBUG    | Query='directions from mechanical to library' Intent=find_location Conf=0.99
2026-06-11 23:51:40,182 | DEBUG    | Matched='Central Library' Score=0.49
2026-06-11 23:51:40,922 | DEBUG    | Query='how to get from cafeteria to gym' Intent=find_location Conf=0.99
2026-06-11 23:51:40,946 | DEBUG    | Matched='Main Cafeteria' Score=0.28
2026-06-11 23:51:46,188 | DEBUG    | Query='directions from library to cafeteria' Intent=find_location Conf=0.99
2026-06-11 23:51:46,261 | DEBUG    | Matched='Outdoor Canteen Terrace' Score=0.56
2026-06-11 23:52:00,979 | INFO     | Loading intent classifier...
2026-06-11 23:52:02,214 | INFO     | Loading retrieval model...
2026-06-11 23:52:03,900 | INFO     | All models loaded.
2026-06-11 23:52:04,021 | DEBUG    | Query='how to reach from civil department to mechanical department' Intent=find_location Conf=0.99
2026-06-11 23:52:05,207 | DEBUG    | Matched='Research and Development Cell' Score=0.17
2026-06-11 23:52:05,499 | DEBUG    | Query='directions from mechanical to library' Intent=find_location Conf=0.99
2026-06-11 23:52:05,583 | DEBUG    | Matched='Central Library' Score=0.49
2026-06-11 23:52:06,778 | DEBUG    | Query='how to get from cafeteria to gym' Intent=find_location Conf=0.99
2026-06-11 23:52:06,828 | DEBUG    | Matched='Main Cafeteria' Score=0.28
2026-06-11 23:53:27,159 | INFO     | Loading intent classifier...
2026-06-11 23:53:28,667 | INFO     | Loading retrieval model...
2026-06-11 23:53:30,647 | INFO     | All models loaded.
2026-06-11 23:53:30,831 | DEBUG    | Query='how to reach from civil department to mechanical department' Intent=find_location Conf=0.99
2026-06-11 23:53:31,791 | DEBUG    | Matched='Mechanical Engineering Department' Score=0.54
2026-06-11 23:53:32,782 | DEBUG    | Query='directions from cafeteria to gym' Intent=find_location Conf=0.99
2026-06-11 23:53:32,920 | DEBUG    | Matched='Campus Fitness Centre' Score=0.58
2026-06-11 23:53:33,278 | DEBUG    | Query='how to get from library to admin office' Intent=find_location Conf=0.99
2026-06-11 23:53:33,829 | DEBUG    | Matched='Administrative Office' Score=0.49
2026-06-11 23:55:32,309 | INFO     | Loading intent classifier...
2026-06-11 23:55:33,526 | INFO     | Loading retrieval model...
2026-06-11 23:55:35,397 | INFO     | All models loaded.
2026-06-11 23:55:35,451 | DEBUG    | Query='direction from civil department to mechanical department' Intent=find_location Conf=0.99
2026-06-11 23:55:35,675 | DEBUG    | Matched='Mechanical Engineering Department' Score=0.54
2026-06-11 23:55:55,330 | DEBUG    | Query='from library to robotics lab' Intent=find_location Conf=0.99
2026-06-11 23:55:55,618 | DEBUG    | Matched='Robotics and Automation Lab' Score=0.66
