2026-06-10 12:55:24,304 | INFO     | Loading intent classifier...
2026-06-10 12:55:24,853 | INFO     | Loading retrieval model...
2026-06-10 12:55:26,688 | INFO     | All models loaded.
2026-06-10 12:55:26,735 | DEBUG    | Query='where can I get this?' Intent=service_query Conf=0.92
2026-06-10 12:55:26,912 | DEBUG    | Matched='Coffee Kiosk' Score=0.28
2026-06-10 12:55:41,295 | DEBUG    | Query='what are the timings of this?' Intent=ask_hours Conf=0.61
2026-06-10 12:55:41,375 | DEBUG    | Matched='Administrative Office' Score=0.28
2026-06-10 12:55:54,154 | DEBUG    | Query='where is this ?' Intent=fallback Conf=0.60
2026-06-10 12:56:27,915 | DEBUG    | Query='what can the requirements for admission in mechanical department?' Intent=ask_admission Conf=0.99
2026-06-10 12:56:27,996 | DEBUG    | Matched='Mechanical Engineering Department' Score=0.47
2026-06-10 12:56:48,548 | DEBUG    | Query='in which courses I can take admissions' Intent=ask_admission Conf=0.99
2026-06-10 12:56:48,640 | DEBUG    | Matched='Administrative Office' Score=0.37
2026-06-10 13:03:50,800 | DEBUG    | Query='how to join a club' Intent=ask_club Conf=0.99
2026-06-10 13:03:50,998 | DEBUG    | Matched='Student Union' Score=0.39
2026-06-10 13:07:38,882 | INFO     | Loading intent classifier...
2026-06-10 13:07:39,446 | INFO     | Loading retrieval model...
2026-06-10 13:07:41,295 | INFO     | All models loaded.
2026-06-10 13:07:41,338 | DEBUG    | Query='direction from civil department to mechanical department' Intent=find_location Conf=0.99
2026-06-10 13:07:41,499 | DEBUG    | Matched='Mechanical Engineering Department' Score=0.45
2026-06-10 13:08:04,091 | DEBUG    | Query='can I get milk?' Intent=menu_query Conf=0.99
2026-06-10 13:08:04,183 | DEBUG    | Matched='Lost and Found Desk' Score=0.28
2026-06-10 13:09:00,181 | DEBUG    | Query='where is the dean's office' Intent=find_location Conf=0.96
2026-06-10 13:09:00,407 | DEBUG    | Matched='Dean Academic Office' Score=0.67
2026-06-10 13:09:16,673 | DEBUG    | Query='how can i meet the principal' Intent=find_location Conf=0.51
2026-06-10 13:09:16,763 | DEBUG    | Matched='Principal Office' Score=0.45
2026-06-10 13:09:32,333 | DEBUG    | Query='how to make appointment to meet the principal' Intent=ask_placement Conf=0.42
2026-06-10 13:09:32,428 | DEBUG    | Matched='Principal Office' Score=0.44
2026-06-10 13:13:16,183 | INFO     | Loading Whisper ASR model (base)...
2026-06-10 13:13:16,726 | INFO     | Whisper loaded.
2026-06-10 13:13:18,776 | INFO     | Whisper transcript: 'Where is the cafeteria?'
2026-06-10 13:13:18,776 | INFO     | Loading intent classifier...
2026-06-10 13:13:19,817 | INFO     | Loading retrieval model...
2026-06-10 13:13:21,620 | INFO     | All models loaded.
2026-06-10 13:13:21,663 | DEBUG    | Query='Where is the cafeteria?' Intent=find_location Conf=0.99
2026-06-10 13:13:21,832 | DEBUG    | Matched='Outdoor Canteen Terrace' Score=0.56
2026-06-10 13:23:53,381 | INFO     | Loading intent classifier...
2026-06-10 13:23:54,337 | INFO     | Loading retrieval model...
2026-06-10 13:23:56,457 | INFO     | All models loaded.
2026-06-10 13:23:56,504 | DEBUG    | Query='where is the computer lab?' Intent=find_location Conf=0.97
2026-06-10 13:23:56,666 | DEBUG    | Matched='Electronics Lab' Score=0.64
2026-06-10 13:24:54,223 | DEBUG    | Query='tell me which courses can I take?' Intent=ask_placement Conf=0.20
2026-06-10 13:25:15,146 | DEBUG    | Query='in which courses can i take admission?' Intent=ask_admission Conf=0.99
2026-06-10 13:25:15,361 | DEBUG    | Matched='Examination Cell' Score=0.32
2026-06-10 13:25:26,742 | DEBUG    | Query='how to get admission' Intent=ask_admission Conf=0.99
2026-06-10 13:25:26,827 | DEBUG    | Matched='Main Gate' Score=0.41
2026-06-10 13:25:58,777 | DEBUG    | Query='what's the weather today' Intent=fallback Conf=0.99
2026-06-10 13:26:04,599 | DEBUG    | Query='i got hurt' Intent=emergency Conf=0.99
2026-06-10 13:26:04,719 | DEBUG    | Matched='Medical Room' Score=0.29
2026-06-10 13:26:12,776 | DEBUG    | Query='i am in depression' Intent=emergency Conf=0.97
2026-06-10 13:26:12,811 | DEBUG    | Matched='Lost and Found Desk' Score=0.28
2026-06-10 13:26:36,856 | DEBUG    | Query='i have stomach ache' Intent=emergency Conf=0.99
2026-06-10 13:26:36,896 | DEBUG    | Matched='Lost and Found Desk' Score=0.28
2026-06-10 13:26:42,617 | DEBUG    | Query='i am hungry' Intent=emergency Conf=0.86
2026-06-10 13:26:42,654 | DEBUG    | Matched='Hostel Mess' Score=0.23
2026-06-10 13:26:58,816 | DEBUG    | Query='how to make friend' Intent=fallback Conf=0.99
2026-06-10 13:27:37,855 | DEBUG    | Query='what is the price of paratha' Intent=menu_query Conf=0.99
2026-06-10 13:27:38,060 | DEBUG    | Matched='Administrative Office' Score=0.28
2026-06-10 13:27:46,987 | DEBUG    | Query='and veg fried rice' Intent=menu_query Conf=0.99
2026-06-10 13:27:47,072 | DEBUG    | Matched='Lost and Found Desk' Score=0.28
2026-06-10 13:27:53,185 | DEBUG    | Query='water?' Intent=menu_query Conf=0.84
2026-06-10 13:27:53,281 | DEBUG    | Matched='Ground Floor Water Dispenser' Score=0.10
2026-06-10 13:28:02,489 | DEBUG    | Query='where can i drink water?' Intent=menu_query Conf=0.86
2026-06-10 13:28:02,528 | DEBUG    | Matched='Lost and Found Desk' Score=0.28
2026-06-10 13:28:13,984 | DEBUG    | Query='water dispenser?' Intent=menu_query Conf=0.51
2026-06-10 13:28:14,020 | DEBUG    | Matched='Ground Floor Water Dispenser' Score=0.21
2026-06-10 13:28:44,311 | DEBUG    | Query='where to get information about visa?' Intent=facility_info Conf=0.36
2026-06-10 13:28:44,362 | DEBUG    | Matched='Coffee Kiosk' Score=0.28
2026-06-10 13:30:15,551 | DEBUG    | Query='I just entered the building. Where should I go for general help?' Intent=find_location Conf=0.42
2026-06-10 13:30:15,789 | DEBUG    | Matched='Hostel Office' Score=0.43
2026-06-10 13:30:26,948 | DEBUG    | Query='Can you point me to a quiet place to study?' Intent=recommend_place Conf=0.97
2026-06-10 13:30:27,071 | DEBUG    | Matched='Reading Room' Score=0.52
2026-06-10 13:30:35,872 | DEBUG    | Query='I need to print my assignment. Which room should I use?' Intent=service_query Conf=0.96
2026-06-10 13:30:35,979 | DEBUG    | Matched='Printing and Copying Room' Score=0.54
2026-06-10 13:30:44,921 | DEBUG    | Query='Where can I charge my laptop on campus?' Intent=service_query Conf=0.99
2026-06-10 13:30:45,015 | DEBUG    | Matched='Student Device Charging Station' Score=0.56
2026-06-10 13:30:52,958 | DEBUG    | Query='I have a headache. Is there somewhere I can get medical help?' Intent=emergency Conf=0.99
2026-06-10 13:30:53,000 | DEBUG    | Matched='Lost and Found Desk' Score=0.28
2026-06-10 13:31:05,018 | DEBUG    | Query='I want to speak to someone about my fees.' Intent=service_query Conf=0.18
2026-06-10 13:31:12,036 | DEBUG    | Query='Where can I get information about exams?' Intent=service_query Conf=0.87
2026-06-10 13:31:12,086 | DEBUG    | Matched='Examination Cell' Score=0.56
2026-06-10 13:31:19,735 | DEBUG    | Query='Which place should I visit for international student support?' Intent=recommend_place Conf=0.89
2026-06-10 13:31:19,838 | DEBUG    | Matched='International Student Office' Score=0.53
2026-06-10 13:31:27,518 | DEBUG    | Query='I need a room for group discussion. Any suggestions?' Intent=recommend_place Conf=0.95
2026-06-10 13:31:27,587 | DEBUG    | Matched='Group Study Room' Score=0.48
2026-06-10 13:31:36,070 | DEBUG    | Query='Where can I find books or journals?' Intent=service_query Conf=0.78
2026-06-10 13:31:36,113 | DEBUG    | Matched='Digital Library' Score=0.45
2026-06-10 13:31:46,917 | DEBUG    | Query='Where should I go if I feel unsafe on campus?' Intent=recommend_place Conf=0.71
2026-06-10 13:31:46,952 | DEBUG    | Matched='Main Gate' Score=0.40
2026-06-10 13:31:58,470 | DEBUG    | Query='I need support with my student email. Where should I go?' Intent=service_query Conf=0.92
2026-06-10 13:31:58,507 | DEBUG    | Matched='Student Counselling Room' Score=0.38
2026-06-10 13:32:29,063 | DEBUG    | Query='Who can help me if I misplaced my ID card?' Intent=ask_contact Conf=0.86
2026-06-10 13:32:29,150 | DEBUG    | Matched='Lost and Found Desk' Score=0.44
2026-06-10 13:33:56,131 | INFO     | Loading Whisper ASR model (base)...
2026-06-10 13:33:56,649 | INFO     | Whisper loaded.
2026-06-10 13:33:57,836 | INFO     | Whisper transcript: 'Weird, can I print?'
2026-06-10 13:33:57,853 | DEBUG    | Query='Weird, can I print?' Intent=service_query Conf=0.97
2026-06-10 13:33:58,010 | DEBUG    | Matched='Coffee Kiosk' Score=0.28
2026-06-10 13:34:20,119 | INFO     | Whisper transcript: ''
2026-06-10 13:34:35,217 | INFO     | Whisper transcript: 'Where can I print?'
2026-06-10 13:34:35,234 | DEBUG    | Query='Where can I print?' Intent=service_query Conf=0.99
2026-06-10 13:34:35,302 | DEBUG    | Matched='Stationery Store' Score=0.37
2026-06-10 13:39:55,132 | INFO     | Loading intent classifier...
2026-06-10 13:39:55,957 | INFO     | Loading retrieval model...
2026-06-10 13:42:37,574 | INFO     | All models loaded.
2026-06-10 13:42:37,634 | DEBUG    | Keyword route='computer lab' -> Computer Lab
2026-06-10 13:42:37,634 | DEBUG    | Query='where is the computer lab?' Intent=find_location Conf=0.97
2026-06-10 13:42:37,707 | DEBUG    | Matched='Computer Lab' Score=0.95
2026-06-10 13:42:39,428 | DEBUG    | Keyword route='food query' -> Main Cafeteria
2026-06-10 13:42:39,429 | DEBUG    | Query='i am hungry' Intent=menu_query Conf=0.88
2026-06-10 13:42:39,440 | DEBUG    | Matched='Main Cafeteria' Score=0.95
2026-06-10 13:42:40,828 | DEBUG    | Keyword route='water dispenser' -> Ground Floor Water Dispenser
2026-06-10 13:42:40,829 | DEBUG    | Query='water dispenser?' Intent=find_location Conf=0.88
2026-06-10 13:42:40,847 | DEBUG    | Matched='Ground Floor Water Dispenser' Score=0.95
2026-06-10 13:42:42,239 | DEBUG    | Keyword route='visa support' -> International Student Office
2026-06-10 13:42:42,240 | DEBUG    | Query='where to get information about visa?' Intent=service_query Conf=0.88
2026-06-10 13:42:42,249 | DEBUG    | Matched='International Student Office' Score=0.95
2026-06-10 13:42:43,584 | DEBUG    | Keyword route='general help' -> Main Reception
2026-06-10 13:42:43,584 | DEBUG    | Query='I just entered the building. Where should I go for general help?' Intent=find_location Conf=0.88
2026-06-10 13:42:43,595 | DEBUG    | Matched='Main Reception' Score=0.95
2026-06-10 13:42:45,080 | DEBUG    | Keyword route='IT support' -> IT Help Desk
2026-06-10 13:42:45,080 | DEBUG    | Query='I need support with my student email. Where should I go?' Intent=service_query Conf=0.92
2026-06-10 13:42:45,089 | DEBUG    | Matched='IT Help Desk' Score=0.95
2026-06-10 13:42:46,385 | DEBUG    | Keyword route='fees/accounts' -> Accounts Office
2026-06-10 13:42:46,386 | DEBUG    | Query='I want to speak to someone about my fees.' Intent=service_query Conf=0.88
2026-06-10 13:42:46,394 | DEBUG    | Matched='Accounts Office' Score=0.95
2026-06-10 13:42:47,855 | DEBUG    | Keyword route='admissions' -> Administrative Office
2026-06-10 13:42:47,856 | DEBUG    | Query='tell me which courses can I take?' Intent=ask_admission Conf=0.88
2026-06-10 13:42:47,871 | DEBUG    | Matched='Administrative Office' Score=0.95
2026-06-10 13:42:49,120 | DEBUG    | Keyword route='student life' -> Student Union
2026-06-10 13:42:49,121 | DEBUG    | Query='how to make friend' Intent=social_life Conf=0.99
2026-06-10 13:42:49,133 | DEBUG    | Matched='Student Union' Score=0.95
2026-06-10 13:42:50,571 | DEBUG    | Keyword route='wellbeing' -> Student Counselling Room
2026-06-10 13:42:50,571 | DEBUG    | Query='i am in depression' Intent=emergency Conf=0.97
2026-06-10 13:42:50,584 | DEBUG    | Matched='Student Counselling Room' Score=0.95
2026-06-10 13:49:21,603 | INFO     | Loading intent classifier...
2026-06-10 13:49:22,250 | INFO     | Loading retrieval model...
2026-06-10 13:49:24,011 | INFO     | All models loaded.
2026-06-10 13:49:24,034 | DEBUG    | Keyword route='general help' -> Main Reception
2026-06-10 13:49:24,034 | DEBUG    | Query='I’m new here and need help with enrolment, where should I start?' Intent=find_location Conf=0.88
2026-06-10 13:49:24,179 | DEBUG    | Matched='Main Reception' Score=0.95
2026-06-10 13:49:50,917 | DEBUG    | Keyword route='fees/accounts' -> Accounts Office
2026-06-10 13:49:50,918 | DEBUG    | Query='I need to ask about my tuition payment and get a receipt.' Intent=service_query Conf=0.88
2026-06-10 13:49:51,013 | DEBUG    | Matched='Accounts Office' Score=0.95
2026-06-10 13:50:01,876 | DEBUG    | Keyword route='visa support' -> International Student Office
2026-06-10 13:50:01,877 | DEBUG    | Query='Where should an international student go for visa document support?' Intent=service_query Conf=0.88
2026-06-10 13:50:01,970 | DEBUG    | Matched='International Student Office' Score=0.95
2026-06-10 13:50:11,061 | DEBUG    | Keyword route='IT support' -> IT Help Desk
2026-06-10 13:50:11,061 | DEBUG    | Query='I forgot my student email password, who can help me reset it?' Intent=service_query Conf=0.88
2026-06-10 13:50:11,137 | DEBUG    | Matched='IT Help Desk' Score=0.95
2026-06-10 13:50:30,564 | DEBUG    | Keyword route='exam support' -> Examination Cell
2026-06-10 13:50:30,564 | DEBUG    | Query='I need a quiet place for exam preparation, but not a group room.' Intent=service_query Conf=0.98
2026-06-10 13:50:30,650 | DEBUG    | Matched='Examination Cell' Score=0.95
2026-06-10 13:50:58,517 | DEBUG    | Query='Can I find academic journals somewhere on campus?' Intent=service_query Conf=0.87
2026-06-10 13:50:58,629 | DEBUG    | Matched='Stationery Store' Score=0.41
2026-06-10 13:52:01,567 | DEBUG    | Query='I want to print my assignment and then buy a notebook nearby.' Intent=service_query Conf=0.95
2026-06-10 13:52:01,612 | DEBUG    | Matched='Stationery Store' Score=0.49
2026-06-10 13:52:19,335 | DEBUG    | Keyword route='lost item' -> Lost and Found Desk
2026-06-10 13:52:19,336 | DEBUG    | Query='Where can I get help if I lost my ID card near the entrance?' Intent=lost_found Conf=0.88
2026-06-10 13:52:19,368 | DEBUG    | Matched='Lost and Found Desk' Score=0.95
2026-06-10 13:52:26,871 | DEBUG    | Keyword route='wellbeing' -> Student Counselling Room
2026-06-10 13:52:26,872 | DEBUG    | Query='I’m feeling stressed and need to talk to someone privately.' Intent=emergency Conf=0.88
2026-06-10 13:52:26,916 | DEBUG    | Matched='Student Counselling Room' Score=0.95
2026-06-10 13:52:41,013 | DEBUG    | Query='I just arrived at the main gate, how do I get to the library?' Intent=find_location Conf=0.97
2026-06-10 13:52:41,099 | DEBUG    | Matched='Central Library' Score=0.47
2026-06-10 13:52:52,725 | DEBUG    | Keyword route='computer lab' -> Computer Lab
2026-06-10 13:52:52,726 | DEBUG    | Query='How do I go from the cafeteria to the computer lab?' Intent=find_location Conf=0.99
2026-06-10 13:52:52,755 | DEBUG    | Matched='Computer Lab' Score=0.95
2026-06-10 13:53:02,532 | DEBUG    | Query='I need a bookable room for a team project discussion.' Intent=recommend_place Conf=0.92
2026-06-10 13:53:02,620 | DEBUG    | Matched='Group Study Room' Score=0.59
2026-06-10 13:53:10,596 | DEBUG    | Query='Which office handles scholarships or financial aid documents?' Intent=ask_contact Conf=0.74
2026-06-10 13:53:10,631 | DEBUG    | Matched='Scholarship Office' Score=0.66
2026-06-10 13:53:15,766 | DEBUG    | Query='how to get there' Intent=find_location Conf=0.95
2026-06-10 13:53:15,796 | DEBUG    | Matched='Coffee Kiosk' Score=0.28
2026-06-10 13:53:29,285 | DEBUG    | Keyword route='admissions' -> Administrative Office
2026-06-10 13:53:29,286 | DEBUG    | Query='Can you tell me which courses are offered and where to ask about admission?' Intent=ask_admission Conf=0.99
2026-06-10 13:53:29,325 | DEBUG    | Matched='Administrative Office' Score=0.95
2026-06-10 14:00:36,200 | INFO     | Loading intent classifier...
2026-06-10 14:00:37,280 | INFO     | Loading retrieval model...
2026-06-10 14:00:39,096 | INFO     | All models loaded.
2026-06-10 14:00:39,140 | DEBUG    | Keyword route='quiet study' -> Reading Room
2026-06-10 14:00:39,140 | DEBUG    | Query='I need a quiet place for exam preparation, but not a group room.' Intent=recommend_place Conf=0.98
2026-06-10 14:00:39,313 | DEBUG    | Matched='Reading Room' Score=0.95
2026-06-10 14:01:21,344 | DEBUG    | Keyword route='academic journals' -> Digital Library
2026-06-10 14:01:21,344 | DEBUG    | Query='Can I find academic journals somewhere on campus?' Intent=service_query Conf=0.88
2026-06-10 14:01:21,497 | DEBUG    | Matched='Digital Library' Score=0.95
2026-06-10 14:01:32,053 | DEBUG    | Keyword route='printing' -> Printing and Copying Room
2026-06-10 14:01:32,053 | DEBUG    | Query='I want to print my assignment and then buy a notebook nearby.' Intent=service_query Conf=0.95
2026-06-10 14:01:32,141 | DEBUG    | Matched='Printing and Copying Room' Score=0.95
2026-06-10 14:01:45,866 | DEBUG    | Keyword route='printing' -> Printing and Copying Room
2026-06-10 14:01:45,866 | DEBUG    | Query='How do I get to Printing and Copying Room from Main Reception?' Intent=service_query Conf=0.99
2026-06-10 14:01:45,903 | DEBUG    | Matched='Printing and Copying Room' Score=0.95
2026-06-10 14:01:58,204 | DEBUG    | Query='i want canteen timings' Intent=ask_hours Conf=0.63
2026-06-10 14:01:58,296 | DEBUG    | Matched='Main Cafeteria' Score=0.32
2026-06-10 14:02:15,717 | DEBUG    | Query='how to get there from civil department' Intent=find_location Conf=0.99
2026-06-10 14:02:15,813 | DEBUG    | Matched='Coffee Kiosk' Score=0.28
2026-06-10 14:05:01,627 | INFO     | Loading intent classifier...
2026-06-10 14:05:02,691 | INFO     | Loading retrieval model...
2026-06-10 14:05:04,544 | INFO     | All models loaded.
2026-06-10 14:05:04,607 | DEBUG    | Query='where is the canteen' Intent=find_location Conf=0.99
2026-06-10 14:05:04,775 | DEBUG    | Matched='Outdoor Canteen Terrace' Score=0.39
2026-06-10 14:05:35,935 | DEBUG    | Keyword route='medical' -> Medical Room
2026-06-10 14:05:35,936 | DEBUG    | Query='how to get a medical certificate' Intent=emergency Conf=0.88
2026-06-10 14:05:36,031 | DEBUG    | Matched='Medical Room' Score=0.95
2026-06-10 14:05:48,533 | DEBUG    | Query='how to ask for vacation' Intent=ask_placement Conf=0.43
2026-06-10 14:05:48,639 | DEBUG    | Matched='Hostel Mess' Score=0.22
2026-06-10 14:06:07,770 | DEBUG    | Keyword route='admissions' -> Administrative Office
2026-06-10 14:06:07,770 | DEBUG    | Query='how to apply for leave' Intent=ask_admission Conf=0.88
2026-06-10 14:06:07,809 | DEBUG    | Matched='Administrative Office' Score=0.95
2026-06-10 14:06:24,665 | DEBUG    | Query='i need enrollment letters' Intent=ask_admission Conf=0.94
2026-06-10 14:06:24,702 | DEBUG    | Matched='Administrative Office' Score=0.40
2026-06-10 14:07:14,618 | INFO     | Loading Whisper ASR model (base)...
2026-06-10 14:07:15,106 | INFO     | Whisper loaded.
2026-06-10 14:07:16,207 | INFO     | Whisper transcript: 'Where is the principal's office?'
2026-06-10 14:07:16,229 | DEBUG    | Query='Where is the principal's office?' Intent=find_location Conf=0.97
2026-06-10 14:07:16,465 | DEBUG    | Matched='Principal Office' Score=0.63
2026-06-10 14:11:15,176 | DEBUG    | Query='how to talk to civil professor' Intent=find_location Conf=0.83
2026-06-10 14:11:15,343 | DEBUG    | Matched='Civil Engineering Department' Score=0.35
2026-06-10 14:11:32,610 | DEBUG    | Query='where is civil faculty room?' Intent=find_location Conf=0.97
2026-06-10 14:11:32,679 | DEBUG    | Matched='CE Faculty Room' Score=0.30
2026-06-10 14:11:42,056 | DEBUG    | Query='civil department faculty room' Intent=faculty_query Conf=0.92
2026-06-10 14:11:42,093 | DEBUG    | Matched='CE Faculty Room' Score=0.30
2026-06-10 14:11:52,616 | DEBUG    | Query='staff room for civil ddepartment' Intent=faculty_query Conf=0.93
2026-06-10 14:11:52,658 | DEBUG    | Matched='Hostel Office' Score=0.51
2026-06-10 14:13:33,368 | DEBUG    | Query='latest upcoming events?' Intent=ask_event Conf=0.99
2026-06-10 14:13:33,478 | DEBUG    | Matched='Final Year Project Lab' Score=0.22
2026-06-10 18:56:36,642 | INFO     | Loading intent classifier...
2026-06-10 18:56:37,366 | INFO     | Loading retrieval model...
2026-06-10 18:56:41,597 | INFO     | All models loaded.
2026-06-10 18:56:41,631 | DEBUG    | Keyword route='admissions' -> Administrative Office
2026-06-10 18:56:41,631 | DEBUG    | Query='how to apply for scholarship' Intent=ask_admission Conf=0.99
2026-06-10 18:56:41,776 | DEBUG    | Matched='Administrative Office' Score=0.95
2026-06-10 18:56:43,528 | DEBUG    | Keyword route='fees/accounts' -> Accounts Office
2026-06-10 18:56:43,528 | DEBUG    | Query='hostel fees and charges' Intent=service_query Conf=0.99
2026-06-10 18:56:43,591 | DEBUG    | Matched='Accounts Office' Score=0.95
2026-06-10 18:56:45,570 | DEBUG    | Keyword route='exam support' -> Examination Cell
2026-06-10 18:56:45,570 | DEBUG    | Query='when are the exams' Intent=service_query Conf=0.99
2026-06-10 18:56:45,598 | DEBUG    | Matched='Examination Cell' Score=0.95
2026-06-10 18:56:46,419 | DEBUG    | Keyword route='fest' -> Student Union
2026-06-10 18:56:46,419 | DEBUG    | Query='annual fest details' Intent=ask_fest Conf=0.99
2026-06-10 18:56:46,477 | DEBUG    | Matched='Student Union' Score=0.95
2026-06-10 18:56:47,442 | DEBUG    | Keyword route='student life' -> Student Union
2026-06-10 18:56:47,442 | DEBUG    | Query='how to join coding club' Intent=social_life Conf=0.99
2026-06-10 18:56:47,454 | DEBUG    | Matched='Student Union' Score=0.95
2026-06-10 18:56:49,049 | DEBUG    | Keyword route='placement' -> Training and Placement Cell
2026-06-10 18:56:49,049 | DEBUG    | Query='placement cell location' Intent=ask_placement Conf=0.99
2026-06-10 18:56:49,074 | DEBUG    | Matched='Training and Placement Cell' Score=0.95
2026-06-10 18:57:37,486 | INFO     | Loading intent classifier...
2026-06-10 18:57:38,082 | INFO     | Loading retrieval model...
2026-06-10 18:57:40,666 | INFO     | All models loaded.
2026-06-10 18:57:40,705 | DEBUG    | Keyword route='admissions' -> Administrative Office
2026-06-10 18:57:40,705 | DEBUG    | Query='how to apply for scholarship' Intent=ask_admission Conf=0.99
2026-06-10 18:57:40,850 | DEBUG    | Matched='Administrative Office' Score=0.95
2026-06-10 18:57:41,692 | DEBUG    | Keyword route='fees/accounts' -> Accounts Office
2026-06-10 18:57:41,692 | DEBUG    | Query='hostel fees and charges' Intent=service_query Conf=0.99
2026-06-10 18:57:41,739 | DEBUG    | Matched='Accounts Office' Score=0.95
2026-06-10 18:57:42,184 | DEBUG    | Keyword route='exam support' -> Examination Cell
2026-06-10 18:57:42,184 | DEBUG    | Query='when are the exams' Intent=service_query Conf=0.99
2026-06-10 18:57:42,195 | DEBUG    | Matched='Examination Cell' Score=0.95
2026-06-10 18:57:42,569 | DEBUG    | Keyword route='student life' -> Student Union
2026-06-10 18:57:42,569 | DEBUG    | Query='how to join coding club' Intent=social_life Conf=0.99
2026-06-10 18:57:42,583 | DEBUG    | Matched='Student Union' Score=0.95
2026-06-10 19:01:31,681 | INFO     | Loading intent classifier...
2026-06-10 19:01:32,321 | INFO     | Loading retrieval model...
2026-06-10 19:01:35,137 | INFO     | All models loaded.
2026-06-10 19:01:35,193 | DEBUG    | Keyword route='scholarship' -> Accounts Office
2026-06-10 19:01:35,194 | DEBUG    | Query='how to apply for scholarship' Intent=ask_scholarship Conf=0.99
2026-06-10 19:01:35,355 | DEBUG    | Matched='Accounts Office' Score=0.95
2026-06-10 19:01:36,102 | DEBUG    | Keyword route='hostel' -> Hostel Office
2026-06-10 19:01:36,102 | DEBUG    | Query='hostel fees and charges' Intent=ask_hostel Conf=0.99
2026-06-10 19:01:36,148 | DEBUG    | Matched='Hostel Office' Score=0.95
2026-06-10 19:01:36,754 | DEBUG    | Keyword route='exam support' -> Examination Cell
2026-06-10 19:01:36,754 | DEBUG    | Query='when are the exams' Intent=ask_exam Conf=0.99
2026-06-10 19:01:36,766 | DEBUG    | Matched='Examination Cell' Score=0.95
2026-06-10 19:01:37,869 | DEBUG    | Keyword route='club' -> Student Union
2026-06-10 19:01:37,870 | DEBUG    | Query='how to join coding club' Intent=ask_club Conf=0.99
2026-06-10 19:01:37,896 | DEBUG    | Matched='Student Union' Score=0.95
2026-06-10 19:01:38,500 | DEBUG    | Keyword route='fest' -> Student Union
2026-06-10 19:01:38,500 | DEBUG    | Query='annual fest details' Intent=ask_fest Conf=0.99
2026-06-10 19:01:38,557 | DEBUG    | Matched='Student Union' Score=0.95
2026-06-10 19:01:39,352 | DEBUG    | Keyword route='placement' -> Training and Placement Cell
2026-06-10 19:01:39,353 | DEBUG    | Query='placement cell location' Intent=ask_placement Conf=0.99
2026-06-10 19:01:39,364 | DEBUG    | Matched='Training and Placement Cell' Score=0.95
2026-06-10 19:01:39,912 | DEBUG    | Query='where is the library' Intent=find_location Conf=0.99
2026-06-10 19:01:39,924 | DEBUG    | Matched='Central Library' Score=0.49
2026-06-10 19:01:40,396 | DEBUG    | Query='price of coffee' Intent=menu_query Conf=0.99
2026-06-10 19:01:40,405 | DEBUG    | Matched='Coffee Kiosk' Score=0.46
2026-06-10 19:01:42,019 | DEBUG    | Keyword route='student life' -> Student Union
2026-06-10 19:01:42,019 | DEBUG    | Query='how can i make friends' Intent=social_life Conf=0.99
2026-06-10 19:01:42,044 | DEBUG    | Matched='Student Union' Score=0.95
2026-06-10 19:01:46,768 | DEBUG    | Keyword route='medical' -> Medical Room
2026-06-10 19:01:46,769 | DEBUG    | Query='i feel sick' Intent=emergency Conf=0.99
2026-06-10 19:01:46,794 | DEBUG    | Matched='Medical Room' Score=0.95
2026-06-10 20:46:34,944 | INFO     | Loading intent classifier...
2026-06-10 20:46:36,040 | INFO     | Loading retrieval model...
2026-06-10 20:46:38,685 | INFO     | All models loaded.
2026-06-10 20:46:38,751 | DEBUG    | Query='how to go to mechanical department from civil department' Intent=find_location Conf=0.99
2026-06-10 20:46:38,932 | DEBUG    | Matched='Mechanical Engineering Department' Score=0.48
